-------------------------------------------------------------------------------
Test set: ru.smartech.app.resources.impl.EmailManagementResourceImplTest
-------------------------------------------------------------------------------
Tests run: 6, Failures: 1, Errors: 0, Skipped: 0, Time elapsed: 5.635 s <<< FAILURE! - in ru.smartech.app.resources.impl.EmailManagementResourceImplTest
unlinkMail_successfully  Time elapsed: 0.04 s  <<< FAILURE!
java.lang.AssertionError: Status expected:<204> but was:<400>
	at ru.smartech.app.resources.impl.EmailManagementResourceImplTest.unlinkMail_successfully(EmailManagementResourceImplTest.java:204)

